#
# There is insufficient memory for the Java Runtime Environment to continue.
# Native memory allocation (mmap) failed to map 23068672 bytes. Error detail: G1 virtual space
# Possible reasons:
#   The system is out of physical RAM or swap space
#   This process is running with CompressedOops enabled, and the Java Heap may be blocking the growth of the native heap
# Possible solutions:
#   Reduce memory load on the system
#   Increase physical memory or swap space
#   Check if swap backing store is full
#   Decrease Java heap size (-Xmx/-Xms)
#   Decrease number of Java threads
#   Decrease Java thread stack sizes (-Xss)
#   Set larger code cache with -XX:ReservedCodeCacheSize=
#   JVM is running with Unscaled Compressed Oops mode in which the Java heap is
#     placed in the first 4GB address space. The Java Heap base address is the
#     maximum limit for the native heap growth. Please use -XX:HeapBaseMinAddress
#     to set the Java Heap base and to place the Java Heap above 4GB virtual address.
# This output file may be truncated or incomplete.
#
#  Out of Memory Error (os_windows.cpp:3828), pid=13584, tid=4664
#
# JRE version: OpenJDK Runtime Environment (21.0.4) (build 21.0.4+-12508038-b607.1)
# Java VM: OpenJDK 64-Bit Server VM (21.0.4+-12508038-b607.1, mixed mode, tiered, compressed oops, compressed class ptrs, g1 gc, windows-amd64)
# No core dump will be written. Minidumps are not enabled by default on client versions of Windows
#

---------------  S U M M A R Y ------------

Command Line: org.jetbrains.kotlin.cli.jvm.K2JVMCompiler @D:\Boronkay\13.P\Mesterremek\MobilApp\CareCompass\composeApp\build\20250128_3280461325367501772.compiler.options

Host: Intel(R) Core(TM) i7-4550U CPU @ 1.50GHz, 4 cores, 7G,  Windows 10 , 64 bit Build 19041 (10.0.19041.3636)
Time: Tue Jan 28 09:11:01 2025 Közép-európai téli idBuild 19041 (10.0.19041.3636) elapsed time: 4.346730 seconds (0d 0h 0m 4s)

---------------  T H R E A D  ---------------

Current thread (0x000002bdd330bf00):  VMThread "VM Thread"          [id=4664, stack(0x000000fd7b300000,0x000000fd7b400000) (1024K)]

Stack: [0x000000fd7b300000,0x000000fd7b400000]
Native frames: (J=compiled Java code, j=interpreted, Vv=VM code, C=native code)
V  [jvm.dll+0x6ce539]
V  [jvm.dll+0x85bf03]
V  [jvm.dll+0x85e45e]
V  [jvm.dll+0x85eb43]
V  [jvm.dll+0x27dd06]
V  [jvm.dll+0x6cada5]
V  [jvm.dll+0x6bf27a]
V  [jvm.dll+0x3541fb]
V  [jvm.dll+0x35be36]
V  [jvm.dll+0x3adbc6]
V  [jvm.dll+0x3ade98]
V  [jvm.dll+0x32691c]
V  [jvm.dll+0x3269a7]
V  [jvm.dll+0x36c78c]
V  [jvm.dll+0x36af3e]
V  [jvm.dll+0x326071]
V  [jvm.dll+0x36a650]
V  [jvm.dll+0x8648c8]
V  [jvm.dll+0x865c44]
V  [jvm.dll+0x866180]
V  [jvm.dll+0x866413]
V  [jvm.dll+0x804418]
V  [jvm.dll+0x6cce0d]
C  [ucrtbase.dll+0x21bb2]
C  [KERNEL32.DLL+0x17344]
C  [ntdll.dll+0x526b1]

VM_Operation (0x000000fd7acf9d40): G1CollectForAllocation, mode: safepoint, requested by thread 0x000002bdba57e4f0


---------------  P R O C E S S  ---------------

Threads class SMR info:
_java_thread_list=0x000002bddcdebe50, length=11, elements={
0x000002bdba57e4f0, 0x000002bdd335e0c0, 0x000002bdd35e4f80, 0x000002bdd35c0d10,
0x000002bdd35c1770, 0x000002bdd35c21d0, 0x000002bdd35c2c30, 0x000002bdd35ceed0,
0x000002bdd35eef00, 0x000002bdd3787150, 0x000002bdd37893e0
}

Java Threads: ( => current thread )
  0x000002bdba57e4f0 JavaThread "main"                              [_thread_blocked, id=2768, stack(0x000000fd7ac00000,0x000000fd7ad00000) (1024K)]
  0x000002bdd335e0c0 JavaThread "Reference Handler"          daemon [_thread_blocked, id=14016, stack(0x000000fd7b400000,0x000000fd7b500000) (1024K)]
  0x000002bdd35e4f80 JavaThread "Finalizer"                  daemon [_thread_blocked, id=16204, stack(0x000000fd7b500000,0x000000fd7b600000) (1024K)]
  0x000002bdd35c0d10 JavaThread "Signal Dispatcher"          daemon [_thread_blocked, id=16200, stack(0x000000fd7b600000,0x000000fd7b700000) (1024K)]
  0x000002bdd35c1770 JavaThread "Attach Listener"            daemon [_thread_blocked, id=7436, stack(0x000000fd7b700000,0x000000fd7b800000) (1024K)]
  0x000002bdd35c21d0 JavaThread "Service Thread"             daemon [_thread_blocked, id=14516, stack(0x000000fd7b800000,0x000000fd7b900000) (1024K)]
  0x000002bdd35c2c30 JavaThread "Monitor Deflation Thread"   daemon [_thread_blocked, id=14872, stack(0x000000fd7b900000,0x000000fd7ba00000) (1024K)]
  0x000002bdd35ceed0 JavaThread "C2 CompilerThread0"         daemon [_thread_blocked, id=5868, stack(0x000000fd7ba00000,0x000000fd7bb00000) (1024K)]
  0x000002bdd35eef00 JavaThread "C1 CompilerThread0"         daemon [_thread_blocked, id=13900, stack(0x000000fd7bb00000,0x000000fd7bc00000) (1024K)]
  0x000002bdd3787150 JavaThread "Notification Thread"        daemon [_thread_blocked, id=12092, stack(0x000000fd7bc00000,0x000000fd7bd00000) (1024K)]
  0x000002bdd37893e0 JavaThread "Common-Cleaner"             daemon [_thread_blocked, id=10772, stack(0x000000fd7bd00000,0x000000fd7be00000) (1024K)]
Total: 11

Other Threads:
=>0x000002bdd330bf00 VMThread "VM Thread"                           [id=4664, stack(0x000000fd7b300000,0x000000fd7b400000) (1024K)]
  0x000002bdd32ae560 WatcherThread "VM Periodic Task Thread"        [id=16152, stack(0x000000fd7b200000,0x000000fd7b300000) (1024K)]
  0x000002bdbc6b1340 WorkerThread "GC Thread#0"                     [id=15484, stack(0x000000fd7ad00000,0x000000fd7ae00000) (1024K)]
  0x000002bdd80baea0 WorkerThread "GC Thread#1"                     [id=14948, stack(0x000000fd7bf00000,0x000000fd7c000000) (1024K)]
  0x000002bdd80bb240 WorkerThread "GC Thread#2"                     [id=15852, stack(0x000000fd7c000000,0x000000fd7c100000) (1024K)]
  0x000002bdd8351910 WorkerThread "GC Thread#3"                     [id=3944, stack(0x000000fd7c100000,0x000000fd7c200000) (1024K)]
  0x000002bdbc6c22a0 ConcurrentGCThread "G1 Main Marker"            [id=14624, stack(0x000000fd7ae00000,0x000000fd7af00000) (1024K)]
  0x000002bdbc6c3540 WorkerThread "G1 Conc#0"                       [id=4624, stack(0x000000fd7af00000,0x000000fd7b000000) (1024K)]
  0x000002bdd31824b0 ConcurrentGCThread "G1 Refine#0"               [id=11276, stack(0x000000fd7b000000,0x000000fd7b100000) (1024K)]
  0x000002bdbc72b2b0 ConcurrentGCThread "G1 Service"                [id=14552, stack(0x000000fd7b100000,0x000000fd7b200000) (1024K)]
Total: 10

Threads with active compile tasks:
C2 CompilerThread0     4389 2699   !   4       sun.nio.fs.WindowsPath::initOffsets (153 bytes)
C1 CompilerThread0     4389 3217   !   3       org.jetbrains.kotlin.metadata.ProtoBuf$TypeParameter::<init> (662 bytes)
Total: 2

VM state: at safepoint (normal execution)

VM Mutex/Monitor currently owned by a thread:  ([mutex/lock_event])
[0x00007ffc26b472f8] Threads_lock - owner thread: 0x000002bdd330bf00
[0x00007ffc26b473f8] Heap_lock - owner thread: 0x000002bdba57e4f0

Heap address: 0x0000000085000000, size: 1968 MB, Compressed Oops mode: 32-bit

CDS archive(s) not mapped
Compressed class space mapped at: 0x0000000100000000-0x0000000140000000, reserved size: 1073741824
Narrow klass base: 0x0000000000000000, Narrow klass shift: 3, Narrow klass range: 0x140000000

GC Precious Log:
 CardTable entry size: 512
 Card Set container configuration: InlinePtr #cards 5 size 8 Array Of Cards #cards 12 size 40 Howl #buckets 4 coarsen threshold 1843 Howl Bitmap #cards 512 size 80 coarsen threshold 460 Card regions per heap region 1 cards per card region 2048
 CPUs: 4 total, 4 available
 Memory: 7865M
 Large Page Support: Disabled
 NUMA Support: Disabled
 Compressed Oops: Enabled (32-bit)
 Heap Region Size: 1M
 Heap Min Capacity: 8M
 Heap Initial Capacity: 124M
 Heap Max Capacity: 1968M
 Pre-touch: Disabled
 Parallel Workers: 4
 Concurrent Workers: 1
 Concurrent Refinement Workers: 4
 Periodic GC: Disabled

Heap:
 garbage-first heap   total 59392K, used 35705K [0x0000000085000000, 0x0000000100000000)
  region size 1024K, 3 young (3072K), 3 survivors (3072K)
 Metaspace       used 50995K, committed 51392K, reserved 1114112K
  class space    used 5834K, committed 6016K, reserved 1048576K

Heap Regions: E=young(eden), S=young(survivor), O=old, HS=humongous(starts), HC=humongous(continues), CS=collection set, F=free, TAMS=top-at-mark-start, PB=parsable bottom
|   0|0x0000000085000000, 0x0000000085100000, 0x0000000085100000|100%|HS|  |TAMS 0x0000000085100000| PB 0x0000000085000000| Complete 
|   1|0x0000000085100000, 0x0000000085200000, 0x0000000085200000|100%|HC|  |TAMS 0x0000000085200000| PB 0x0000000085100000| Complete 
|   2|0x0000000085200000, 0x0000000085300000, 0x0000000085300000|100%|HC|  |TAMS 0x0000000085300000| PB 0x0000000085200000| Complete 
|   3|0x0000000085300000, 0x0000000085400000, 0x0000000085400000|100%|HC|  |TAMS 0x0000000085400000| PB 0x0000000085300000| Complete 
|   4|0x0000000085400000, 0x0000000085500000, 0x0000000085500000|100%| O|  |TAMS 0x0000000085500000| PB 0x0000000085400000| Untracked 
|   5|0x0000000085500000, 0x0000000085600000, 0x0000000085600000|100%| O|  |TAMS 0x0000000085600000| PB 0x0000000085500000| Untracked 
|   6|0x0000000085600000, 0x0000000085700000, 0x0000000085700000|100%| O|  |TAMS 0x0000000085700000| PB 0x0000000085600000| Untracked 
|   7|0x0000000085700000, 0x0000000085800000, 0x0000000085800000|100%| O|  |TAMS 0x0000000085800000| PB 0x0000000085700000| Untracked 
|   8|0x0000000085800000, 0x0000000085900000, 0x0000000085900000|100%| O|  |TAMS 0x0000000085900000| PB 0x0000000085800000| Untracked 
|   9|0x0000000085900000, 0x0000000085a00000, 0x0000000085a00000|100%| O|  |TAMS 0x0000000085a00000| PB 0x0000000085900000| Untracked 
|  10|0x0000000085a00000, 0x0000000085b00000, 0x0000000085b00000|100%| O|  |TAMS 0x0000000085b00000| PB 0x0000000085a00000| Untracked 
|  11|0x0000000085b00000, 0x0000000085c00000, 0x0000000085c00000|100%| O|  |TAMS 0x0000000085c00000| PB 0x0000000085b00000| Untracked 
|  12|0x0000000085c00000, 0x0000000085d00000, 0x0000000085d00000|100%| O|  |TAMS 0x0000000085d00000| PB 0x0000000085c00000| Untracked 
|  13|0x0000000085d00000, 0x0000000085e00000, 0x0000000085e00000|100%| O|  |TAMS 0x0000000085e00000| PB 0x0000000085d00000| Untracked 
|  14|0x0000000085e00000, 0x0000000085f00000, 0x0000000085f00000|100%| O|  |TAMS 0x0000000085f00000| PB 0x0000000085e00000| Untracked 
|  15|0x0000000085f00000, 0x0000000086000000, 0x0000000086000000|100%| O|  |TAMS 0x0000000086000000| PB 0x0000000085f00000| Untracked 
|  16|0x0000000086000000, 0x0000000086100000, 0x0000000086100000|100%| O|  |TAMS 0x0000000086100000| PB 0x0000000086000000| Untracked 
|  17|0x0000000086100000, 0x0000000086200000, 0x0000000086200000|100%| O|  |TAMS 0x0000000086200000| PB 0x0000000086100000| Untracked 
|  18|0x0000000086200000, 0x0000000086300000, 0x0000000086300000|100%|HS|  |TAMS 0x0000000086300000| PB 0x0000000086200000| Complete 
|  19|0x0000000086300000, 0x0000000086400000, 0x0000000086400000|100%| O|  |TAMS 0x0000000086400000| PB 0x0000000086300000| Untracked 
|  20|0x0000000086400000, 0x0000000086500000, 0x0000000086500000|100%| O|  |TAMS 0x0000000086500000| PB 0x0000000086400000| Untracked 
|  21|0x0000000086500000, 0x0000000086600000, 0x0000000086600000|100%| O|  |TAMS 0x0000000086600000| PB 0x0000000086500000| Untracked 
|  22|0x0000000086600000, 0x0000000086700000, 0x0000000086700000|100%| O|  |TAMS 0x0000000086700000| PB 0x0000000086600000| Untracked 
|  23|0x0000000086700000, 0x0000000086800000, 0x0000000086800000|100%| O|  |TAMS 0x0000000086800000| PB 0x0000000086700000| Untracked 
|  24|0x0000000086800000, 0x0000000086900000, 0x0000000086900000|100%| O|  |TAMS 0x0000000086800000| PB 0x0000000086800000| Untracked 
|  25|0x0000000086900000, 0x0000000086900000, 0x0000000086a00000|  0%| F|  |TAMS 0x0000000086900000| PB 0x0000000086900000| Untracked 
|  26|0x0000000086a00000, 0x0000000086a00000, 0x0000000086b00000|  0%| F|  |TAMS 0x0000000086a00000| PB 0x0000000086a00000| Untracked 
|  27|0x0000000086b00000, 0x0000000086c00000, 0x0000000086c00000|100%| O|  |TAMS 0x0000000086b00000| PB 0x0000000086b00000| Untracked 
|  28|0x0000000086c00000, 0x0000000086d00000, 0x0000000086d00000|100%| O|  |TAMS 0x0000000086c00000| PB 0x0000000086c00000| Untracked 
|  29|0x0000000086d00000, 0x0000000086e00000, 0x0000000086e00000|100%| O|  |TAMS 0x0000000086d00000| PB 0x0000000086d00000| Untracked 
|  30|0x0000000086e00000, 0x0000000086e00000, 0x0000000086f00000|  0%| F|  |TAMS 0x0000000086e00000| PB 0x0000000086e00000| Untracked 
|  31|0x0000000086f00000, 0x0000000086f00000, 0x0000000087000000|  0%| F|  |TAMS 0x0000000086f00000| PB 0x0000000086f00000| Untracked 
|  32|0x0000000087000000, 0x00000000870de570, 0x0000000087100000| 86%| O|  |TAMS 0x0000000087000000| PB 0x0000000087000000| Untracked 
|  33|0x0000000087100000, 0x0000000087100000, 0x0000000087200000|  0%| F|  |TAMS 0x0000000087100000| PB 0x0000000087100000| Untracked 
|  34|0x0000000087200000, 0x0000000087200000, 0x0000000087300000|  0%| F|  |TAMS 0x0000000087200000| PB 0x0000000087200000| Untracked 
|  35|0x0000000087300000, 0x0000000087400000, 0x0000000087400000|100%| S|CS|TAMS 0x0000000087300000| PB 0x0000000087300000| Complete 
|  36|0x0000000087400000, 0x0000000087500000, 0x0000000087500000|100%| S|CS|TAMS 0x0000000087400000| PB 0x0000000087400000| Complete 
|  37|0x0000000087500000, 0x0000000087600000, 0x0000000087600000|100%| S|CS|TAMS 0x0000000087500000| PB 0x0000000087500000| Complete 
|  38|0x0000000087600000, 0x0000000087600000, 0x0000000087700000|  0%| F|  |TAMS 0x0000000087600000| PB 0x0000000087600000| Untracked 
|  39|0x0000000087700000, 0x0000000087700000, 0x0000000087800000|  0%| F|  |TAMS 0x0000000087700000| PB 0x0000000087700000| Untracked 
|  40|0x0000000087800000, 0x0000000087800000, 0x0000000087900000|  0%| F|  |TAMS 0x0000000087800000| PB 0x0000000087800000| Untracked 
|  41|0x0000000087900000, 0x0000000087900000, 0x0000000087a00000|  0%| F|  |TAMS 0x0000000087900000| PB 0x0000000087900000| Untracked 
|  42|0x0000000087a00000, 0x0000000087a00000, 0x0000000087b00000|  0%| F|  |TAMS 0x0000000087a00000| PB 0x0000000087a00000| Untracked 
|  43|0x0000000087b00000, 0x0000000087b00000, 0x0000000087c00000|  0%| F|  |TAMS 0x0000000087b00000| PB 0x0000000087b00000| Untracked 
|  44|0x0000000087c00000, 0x0000000087c00000, 0x0000000087d00000|  0%| F|  |TAMS 0x0000000087c00000| PB 0x0000000087c00000| Untracked 
|  45|0x0000000087d00000, 0x0000000087d00000, 0x0000000087e00000|  0%| F|  |TAMS 0x0000000087d00000| PB 0x0000000087d00000| Untracked 
|  46|0x0000000087e00000, 0x0000000087e00000, 0x0000000087f00000|  0%| F|  |TAMS 0x0000000087e00000| PB 0x0000000087e00000| Untracked 
|  47|0x0000000087f00000, 0x0000000087f00000, 0x0000000088000000|  0%| F|  |TAMS 0x0000000087f00000| PB 0x0000000087f00000| Untracked 
|  48|0x0000000088000000, 0x0000000088000000, 0x0000000088100000|  0%| F|  |TAMS 0x0000000088000000| PB 0x0000000088000000| Untracked 
|  49|0x0000000088100000, 0x0000000088100000, 0x0000000088200000|  0%| F|  |TAMS 0x0000000088100000| PB 0x0000000088100000| Untracked 
|  50|0x0000000088200000, 0x0000000088200000, 0x0000000088300000|  0%| F|  |TAMS 0x0000000088200000| PB 0x0000000088200000| Untracked 
| 108|0x000000008bc00000, 0x000000008bc00000, 0x000000008bd00000|  0%| F|  |TAMS 0x000000008bc00000| PB 0x000000008bc00000| Untracked 
| 109|0x000000008bd00000, 0x000000008bd00000, 0x000000008be00000|  0%| F|  |TAMS 0x000000008bd00000| PB 0x000000008bd00000| Untracked 
| 110|0x000000008be00000, 0x000000008be00000, 0x000000008bf00000|  0%| F|  |TAMS 0x000000008be00000| PB 0x000000008be00000| Untracked 
| 123|0x000000008cb00000, 0x000000008cb00000, 0x000000008cc00000|  0%| F|  |TAMS 0x000000008cb00000| PB 0x000000008cb00000| Untracked 
|1965|0x00000000ffd00000, 0x00000000ffe00000, 0x00000000ffe00000|100%| O|  |TAMS 0x00000000ffdd3300| PB 0x00000000ffd00000| Untracked 
|1966|0x00000000ffe00000, 0x00000000fff00000, 0x00000000fff00000|100%| O|  |TAMS 0x00000000fff00000| PB 0x00000000ffe00000| Untracked 
|1967|0x00000000fff00000, 0x0000000100000000, 0x0000000100000000|100%| O|  |TAMS 0x0000000100000000| PB 0x00000000fff00000| Untracked 

Card table byte_map: [0x000002bdceb90000,0x000002bdcef70000] _byte_map_base: 0x000002bdce768000

Marking Bits: (CMBitMap*) 0x000002bdbc6b2250
 Bits: [0x000002bdcef70000, 0x000002bdd0e30000)

Polling page: 0x000002bdba530000

Metaspace:

Usage:
  Non-class:     44.10 MB used.
      Class:      5.70 MB used.
       Both:     49.80 MB used.

Virtual space:
  Non-class space:       64.00 MB reserved,      44.31 MB ( 69%) committed,  1 nodes.
      Class space:        1.00 GB reserved,       5.88 MB ( <1%) committed,  1 nodes.
             Both:        1.06 GB reserved,      50.19 MB (  5%) committed. 

Chunk freelists:
   Non-Class:  3.55 MB
       Class:  10.16 MB
        Both:  13.71 MB

MaxMetaspaceSize: unlimited
CompressedClassSpaceSize: 1.00 GB
Initial GC threshold: 21.00 MB
Current GC threshold: 59.38 MB
CDS: off
 - commit_granule_bytes: 65536.
 - commit_granule_words: 8192.
 - virtual_space_node_default_size: 8388608.
 - enlarge_chunks_in_place: 1.
 - use_allocation_guard: 0.


Internal statistics:

num_allocs_failed_limit: 9.
num_arena_births: 258.
num_arena_deaths: 0.
num_vsnodes_births: 2.
num_vsnodes_deaths: 0.
num_space_committed: 803.
num_space_uncommitted: 0.
num_chunks_returned_to_freelist: 9.
num_chunks_taken_from_freelist: 1763.
num_chunk_merges: 9.
num_chunk_splits: 1443.
num_chunks_enlarged: 1297.
num_inconsistent_stats: 0.

CodeHeap 'non-profiled nmethods': size=120000Kb used=1310Kb max_used=1310Kb free=118689Kb
 bounds [0x000002bdc7280000, 0x000002bdc74f0000, 0x000002bdce7b0000]
CodeHeap 'profiled nmethods': size=120000Kb used=5772Kb max_used=5772Kb free=114228Kb
 bounds [0x000002bdbf7b0000, 0x000002bdbfd60000, 0x000002bdc6ce0000]
CodeHeap 'non-nmethods': size=5760Kb used=1561Kb max_used=1614Kb free=4198Kb
 bounds [0x000002bdc6ce0000, 0x000002bdc6f50000, 0x000002bdc7280000]
 total_blobs=3699 nmethods=3064 adapters=539
 compilation: enabled
              stopped_count=0, restarted_count=0
 full_count=0

Compilation events (20 events):
Event: 4.311 Thread 0x000002bdd35ceed0 nmethod 2939 0x000002bdc73bf010 code [0x000002bdc73bf600, 0x000002bdc73c4c80]
Event: 4.311 Thread 0x000002bdd35eef00 nmethod 3208 0x000002bdbfd4e610 code [0x000002bdbfd4e7a0, 0x000002bdbfd4e8f8]
Event: 4.312 Thread 0x000002bdd35ceed0 3182       4       org.jetbrains.kotlin.com.intellij.openapi.util.text.StringUtilRt::lastIndexOf (58 bytes)
Event: 4.313 Thread 0x000002bdd35eef00 3209       2       org.jetbrains.kotlin.metadata.ProtoBuf$Package::getPropertyCount (10 bytes)
Event: 4.313 Thread 0x000002bdd35eef00 nmethod 3209 0x000002bdbfd4ea10 code [0x000002bdbfd4ebc0, 0x000002bdbfd4ecf8]
Event: 4.314 Thread 0x000002bdd35eef00 3210       2       java.util.concurrent.atomic.AtomicInteger::incrementAndGet (14 bytes)
Event: 4.314 Thread 0x000002bdd35eef00 nmethod 3210 0x000002bdbfd4ed90 code [0x000002bdbfd4ef20, 0x000002bdbfd4f038]
Event: 4.314 Thread 0x000002bdd35eef00 3211       2       org.jetbrains.kotlin.com.intellij.openapi.util.Ref::create (8 bytes)
Event: 4.314 Thread 0x000002bdd35eef00 nmethod 3211 0x000002bdbfd4f110 code [0x000002bdbfd4f2a0, 0x000002bdbfd4f3d0]
Event: 4.315 Thread 0x000002bdd35eef00 3212       2       org.jetbrains.kotlin.metadata.ProtoBuf$Package::isInitialized (165 bytes)
Event: 4.316 Thread 0x000002bdd35eef00 nmethod 3212 0x000002bdbfd4f490 code [0x000002bdbfd4f720, 0x000002bdbfd4fe18]
Event: 4.316 Thread 0x000002bdd35eef00 3215       2       org.jetbrains.kotlin.load.kotlin.FileBasedKotlinClass::resolveNameByDesc (87 bytes)
Event: 4.316 Thread 0x000002bdd35eef00 nmethod 3215 0x000002bdbfd50210 code [0x000002bdbfd503e0, 0x000002bdbfd50588]
Event: 4.316 Thread 0x000002bdd35eef00 3213       2       org.jetbrains.kotlin.cli.jvm.compiler.jarfs.FastJarVirtualFile::contentsToByteArray (23 bytes)
Event: 4.316 Thread 0x000002bdd35eef00 nmethod 3213 0x000002bdbfd50710 code [0x000002bdbfd508c0, 0x000002bdbfd50a50]
Event: 4.316 Thread 0x000002bdd35eef00 3214   !   2       org.jetbrains.kotlin.cli.jvm.compiler.jarfs.FastJarHandler::contentsToByteArray (187 bytes)
Event: 4.319 Thread 0x000002bdd35eef00 nmethod 3214 0x000002bdbfd50b10 code [0x000002bdbfd50f20, 0x000002bdbfd51f00]
Event: 4.319 Thread 0x000002bdd35eef00 3217   !   3       org.jetbrains.kotlin.metadata.ProtoBuf$TypeParameter::<init> (662 bytes)
Event: 4.321 Thread 0x000002bdd35ceed0 nmethod 3182 0x000002bdc73c7090 code [0x000002bdc73c7240, 0x000002bdc73c76c0]
Event: 4.321 Thread 0x000002bdd35ceed0 2699   !   4       sun.nio.fs.WindowsPath::initOffsets (153 bytes)

GC Heap History (20 events):
Event: 0.571 GC heap after
{Heap after GC invocations=1 (full 0):
 garbage-first heap   total 126976K, used 6507K [0x0000000085000000, 0x0000000100000000)
  region size 1024K, 2 young (2048K), 2 survivors (2048K)
 Metaspace       used 11118K, committed 11264K, reserved 1114112K
  class space    used 922K, committed 960K, reserved 1048576K
}
Event: 0.934 GC heap before
{Heap before GC invocations=1 (full 0):
 garbage-first heap   total 126976K, used 25963K [0x0000000085000000, 0x0000000100000000)
  region size 1024K, 22 young (22528K), 2 survivors (2048K)
 Metaspace       used 16769K, committed 16960K, reserved 1114112K
  class space    used 1642K, committed 1728K, reserved 1048576K
}
Event: 0.940 GC heap after
{Heap after GC invocations=2 (full 0):
 garbage-first heap   total 126976K, used 8073K [0x0000000085000000, 0x0000000100000000)
  region size 1024K, 2 young (2048K), 2 survivors (2048K)
 Metaspace       used 16769K, committed 16960K, reserved 1114112K
  class space    used 1642K, committed 1728K, reserved 1048576K
}
Event: 1.171 GC heap before
{Heap before GC invocations=2 (full 0):
 garbage-first heap   total 126976K, used 20361K [0x0000000085000000, 0x0000000100000000)
  region size 1024K, 15 young (15360K), 2 survivors (2048K)
 Metaspace       used 21363K, committed 21504K, reserved 1114112K
  class space    used 2183K, committed 2240K, reserved 1048576K
}
Event: 1.175 GC heap after
{Heap after GC invocations=3 (full 0):
 garbage-first heap   total 126976K, used 8552K [0x0000000085000000, 0x0000000100000000)
  region size 1024K, 3 young (3072K), 3 survivors (3072K)
 Metaspace       used 21363K, committed 21504K, reserved 1114112K
  class space    used 2183K, committed 2240K, reserved 1048576K
}
Event: 1.717 GC heap before
{Heap before GC invocations=4 (full 0):
 garbage-first heap   total 34816K, used 33128K [0x0000000085000000, 0x0000000100000000)
  region size 1024K, 27 young (27648K), 3 survivors (3072K)
 Metaspace       used 26542K, committed 26816K, reserved 1114112K
  class space    used 2830K, committed 2944K, reserved 1048576K
}
Event: 1.733 GC heap after
{Heap after GC invocations=5 (full 0):
 garbage-first heap   total 41984K, used 13267K [0x0000000085000000, 0x0000000100000000)
  region size 1024K, 7 young (7168K), 7 survivors (7168K)
 Metaspace       used 26542K, committed 26816K, reserved 1114112K
  class space    used 2830K, committed 2944K, reserved 1048576K
}
Event: 2.004 GC heap before
{Heap before GC invocations=5 (full 0):
 garbage-first heap   total 41984K, used 30675K [0x0000000085000000, 0x0000000100000000)
  region size 1024K, 24 young (24576K), 7 survivors (7168K)
 Metaspace       used 28935K, committed 29184K, reserved 1114112K
  class space    used 3094K, committed 3200K, reserved 1048576K
}
Event: 2.018 GC heap after
{Heap after GC invocations=6 (full 0):
 garbage-first heap   total 41984K, used 16384K [0x0000000085000000, 0x0000000100000000)
  region size 1024K, 3 young (3072K), 3 survivors (3072K)
 Metaspace       used 28935K, committed 29184K, reserved 1114112K
  class space    used 3094K, committed 3200K, reserved 1048576K
}
Event: 2.352 GC heap before
{Heap before GC invocations=6 (full 0):
 garbage-first heap   total 41984K, used 30720K [0x0000000085000000, 0x0000000100000000)
  region size 1024K, 18 young (18432K), 3 survivors (3072K)
 Metaspace       used 33793K, committed 34112K, reserved 1114112K
  class space    used 4093K, committed 4224K, reserved 1048576K
}
Event: 2.359 GC heap after
{Heap after GC invocations=7 (full 0):
 garbage-first heap   total 56320K, used 18276K [0x0000000085000000, 0x0000000100000000)
  region size 1024K, 2 young (2048K), 2 survivors (2048K)
 Metaspace       used 33793K, committed 34112K, reserved 1114112K
  class space    used 4093K, committed 4224K, reserved 1048576K
}
Event: 2.572 GC heap before
{Heap before GC invocations=7 (full 0):
 garbage-first heap   total 56320K, used 28516K [0x0000000085000000, 0x0000000100000000)
  region size 1024K, 14 young (14336K), 2 survivors (2048K)
 Metaspace       used 35884K, committed 36096K, reserved 1114112K
  class space    used 4315K, committed 4416K, reserved 1048576K
}
Event: 2.582 GC heap after
{Heap after GC invocations=8 (full 0):
 garbage-first heap   total 56320K, used 20296K [0x0000000085000000, 0x0000000100000000)
  region size 1024K, 4 young (4096K), 4 survivors (4096K)
 Metaspace       used 35884K, committed 36096K, reserved 1114112K
  class space    used 4315K, committed 4416K, reserved 1048576K
}
Event: 3.020 GC heap before
{Heap before GC invocations=9 (full 0):
 garbage-first heap   total 56320K, used 43848K [0x0000000085000000, 0x0000000100000000)
  region size 1024K, 28 young (28672K), 4 survivors (4096K)
 Metaspace       used 41964K, committed 42304K, reserved 1114112K
  class space    used 4934K, committed 5056K, reserved 1048576K
}
Event: 3.031 GC heap after
{Heap after GC invocations=10 (full 0):
 garbage-first heap   total 56320K, used 21281K [0x0000000085000000, 0x0000000100000000)
  region size 1024K, 2 young (2048K), 2 survivors (2048K)
 Metaspace       used 41964K, committed 42304K, reserved 1114112K
  class space    used 4934K, committed 5056K, reserved 1048576K
}
Event: 3.620 GC heap before
{Heap before GC invocations=10 (full 0):
 garbage-first heap   total 56320K, used 46881K [0x0000000085000000, 0x0000000100000000)
  region size 1024K, 27 young (27648K), 2 survivors (2048K)
 Metaspace       used 47749K, committed 48128K, reserved 1114112K
  class space    used 5532K, committed 5696K, reserved 1048576K
}
Event: 3.630 GC heap after
{Heap after GC invocations=11 (full 0):
 garbage-first heap   total 56320K, used 23284K [0x0000000085000000, 0x0000000100000000)
  region size 1024K, 4 young (4096K), 4 survivors (4096K)
 Metaspace       used 47749K, committed 48128K, reserved 1114112K
  class space    used 5532K, committed 5696K, reserved 1048576K
}
Event: 3.856 GC heap before
{Heap before GC invocations=11 (full 0):
 garbage-first heap   total 56320K, used 46836K [0x0000000085000000, 0x0000000100000000)
  region size 1024K, 27 young (27648K), 4 survivors (4096K)
 Metaspace       used 48925K, committed 49280K, reserved 1114112K
  class space    used 5645K, committed 5824K, reserved 1048576K
}
Event: 3.878 GC heap after
{Heap after GC invocations=12 (full 0):
 garbage-first heap   total 59392K, used 31564K [0x0000000085000000, 0x0000000100000000)
  region size 1024K, 4 young (4096K), 4 survivors (4096K)
 Metaspace       used 48925K, committed 49280K, reserved 1114112K
  class space    used 5645K, committed 5824K, reserved 1048576K
}
Event: 4.324 GC heap before
{Heap before GC invocations=12 (full 0):
 garbage-first heap   total 59392K, used 47948K [0x0000000085000000, 0x0000000100000000)
  region size 1024K, 21 young (21504K), 4 survivors (4096K)
 Metaspace       used 50995K, committed 51392K, reserved 1114112K
  class space    used 5834K, committed 6016K, reserved 1048576K
}

Dll operation events (3 events):
Event: 0.009 Loaded shared library C:\Program Files\Android\Android Studio\jbr\bin\java.dll
Event: 0.014 Loaded shared library C:\Program Files\Android\Android Studio\jbr\bin\zip.dll
Event: 1.391 Loaded shared library C:\Program Files\Android\Android Studio\jbr\bin\verify.dll

Deoptimization events (20 events):
Event: 4.027 Thread 0x000002bdba57e4f0 DEOPT PACKING pc=0x000002bdbfbe4ed5 sp=0x000000fd7acfbe50
Event: 4.027 Thread 0x000002bdba57e4f0 DEOPT UNPACKING pc=0x000002bdc6d34e42 sp=0x000000fd7acfb2c0 mode 0
Event: 4.028 Thread 0x000002bdba57e4f0 DEOPT PACKING pc=0x000002bdbfbe4ed5 sp=0x000000fd7acfbe50
Event: 4.028 Thread 0x000002bdba57e4f0 DEOPT UNPACKING pc=0x000002bdc6d34e42 sp=0x000000fd7acfb2c0 mode 0
Event: 4.198 Thread 0x000002bdba57e4f0 Uncommon trap: trap_request=0xffffffbe fr.pc=0x000002bdc73ba334 relative=0x0000000000000374
Event: 4.198 Thread 0x000002bdba57e4f0 Uncommon trap: reason=profile_predicate action=maybe_recompile pc=0x000002bdc73ba334 method=org.jetbrains.kotlin.com.intellij.openapi.util.text.StringUtilRt.lastIndexOf(Ljava/lang/CharSequence;CII)I @ 32 c2
Event: 4.198 Thread 0x000002bdba57e4f0 DEOPT PACKING pc=0x000002bdc73ba334 sp=0x000000fd7acfc3f0
Event: 4.198 Thread 0x000002bdba57e4f0 DEOPT UNPACKING pc=0x000002bdc6d346a2 sp=0x000000fd7acfc370 mode 2
Event: 4.198 Thread 0x000002bdba57e4f0 Uncommon trap: trap_request=0xffffffbe fr.pc=0x000002bdc73ba334 relative=0x0000000000000374
Event: 4.198 Thread 0x000002bdba57e4f0 Uncommon trap: reason=profile_predicate action=maybe_recompile pc=0x000002bdc73ba334 method=org.jetbrains.kotlin.com.intellij.openapi.util.text.StringUtilRt.lastIndexOf(Ljava/lang/CharSequence;CII)I @ 32 c2
Event: 4.198 Thread 0x000002bdba57e4f0 DEOPT PACKING pc=0x000002bdc73ba334 sp=0x000000fd7acfc3f0
Event: 4.198 Thread 0x000002bdba57e4f0 DEOPT UNPACKING pc=0x000002bdc6d346a2 sp=0x000000fd7acfc370 mode 2
Event: 4.198 Thread 0x000002bdba57e4f0 Uncommon trap: trap_request=0xffffffbe fr.pc=0x000002bdc73ba334 relative=0x0000000000000374
Event: 4.198 Thread 0x000002bdba57e4f0 Uncommon trap: reason=profile_predicate action=maybe_recompile pc=0x000002bdc73ba334 method=org.jetbrains.kotlin.com.intellij.openapi.util.text.StringUtilRt.lastIndexOf(Ljava/lang/CharSequence;CII)I @ 32 c2
Event: 4.198 Thread 0x000002bdba57e4f0 DEOPT PACKING pc=0x000002bdc73ba334 sp=0x000000fd7acfc400
Event: 4.198 Thread 0x000002bdba57e4f0 DEOPT UNPACKING pc=0x000002bdc6d346a2 sp=0x000000fd7acfc380 mode 2
Event: 4.198 Thread 0x000002bdba57e4f0 Uncommon trap: trap_request=0xffffffbe fr.pc=0x000002bdc73ba334 relative=0x0000000000000374
Event: 4.198 Thread 0x000002bdba57e4f0 Uncommon trap: reason=profile_predicate action=maybe_recompile pc=0x000002bdc73ba334 method=org.jetbrains.kotlin.com.intellij.openapi.util.text.StringUtilRt.lastIndexOf(Ljava/lang/CharSequence;CII)I @ 32 c2
Event: 4.198 Thread 0x000002bdba57e4f0 DEOPT PACKING pc=0x000002bdc73ba334 sp=0x000000fd7acfc3f0
Event: 4.198 Thread 0x000002bdba57e4f0 DEOPT UNPACKING pc=0x000002bdc6d346a2 sp=0x000000fd7acfc370 mode 2

Classes loaded (20 events):
Event: 2.893 Loading class java/util/function/IntUnaryOperator
Event: 2.893 Loading class java/util/function/IntUnaryOperator done
Event: 3.053 Loading class java/util/ArrayList$ListItr
Event: 3.054 Loading class java/util/ArrayList$ListItr done
Event: 3.065 Loading class java/math/RoundingMode
Event: 3.065 Loading class java/math/RoundingMode done
Event: 3.244 Loading class java/util/PriorityQueue
Event: 3.244 Loading class java/util/PriorityQueue done
Event: 3.376 Loading class java/security/AccessControlException
Event: 3.376 Loading class java/security/AccessControlException done
Event: 3.379 Loading class java/lang/annotation/ElementType
Event: 3.379 Loading class java/lang/annotation/ElementType done
Event: 3.379 Loading class java/lang/Override
Event: 3.379 Loading class java/lang/Override done
Event: 3.682 Loading class java/text/StringCharacterIterator
Event: 3.682 Loading class java/text/CharacterIterator
Event: 3.682 Loading class java/text/CharacterIterator done
Event: 3.682 Loading class java/text/StringCharacterIterator done
Event: 3.717 Loading class java/util/AbstractList$ListItr
Event: 3.717 Loading class java/util/AbstractList$ListItr done

Classes unloaded (0 events):
No events

Classes redefined (0 events):
No events

Internal exceptions (20 events):
Event: 1.233 Thread 0x000002bdba57e4f0 Exception <a 'java/lang/NoSuchMethodError'{0x0000000086cfb6e0}: 'java.lang.Object java.lang.invoke.DirectMethodHandle$Holder.invokeInterface(java.lang.Object, java.lang.Object)'> (0x0000000086cfb6e0) 
thrown [s\src\hotspot\share\interpreter\linkResolver.cpp, line 784]
Event: 1.270 Thread 0x000002bdba57e4f0 Exception <a 'java/lang/NoSuchMethodError'{0x0000000086964098}: 'void java.lang.invoke.DirectMethodHandle$Holder.invokeStaticInit(java.lang.Object, java.lang.Object)'> (0x0000000086964098) 
thrown [s\src\hotspot\share\interpreter\linkResolver.cpp, line 784]
Event: 1.301 Thread 0x000002bdba57e4f0 Exception <a 'java/lang/NoSuchMethodError'{0x0000000086743a50}: 'int java.lang.invoke.DirectMethodHandle$Holder.invokeVirtual(java.lang.Object, java.lang.Object, java.lang.Object)'> (0x0000000086743a50) 
thrown [s\src\hotspot\share\interpreter\linkResolver.cpp, line 784]
Event: 1.331 Thread 0x000002bdba57e4f0 Exception <a 'java/lang/NoSuchMethodError'{0x000000008651b230}: 'void java.lang.invoke.Invokers$Holder.invokeExact_MT(java.lang.Object, int, java.lang.Object)'> (0x000000008651b230) 
thrown [s\src\hotspot\share\interpreter\linkResolver.cpp, line 784]
Event: 1.409 Thread 0x000002bdba57e4f0 Exception <a 'java/lang/NoSuchMethodError'{0x000000008629e8d0}: 'void java.lang.invoke.DirectMethodHandle$Holder.invokeVirtual(java.lang.Object, java.lang.Object)'> (0x000000008629e8d0) 
thrown [s\src\hotspot\share\interpreter\linkResolver.cpp, line 784]
Event: 1.498 Thread 0x000002bdba57e4f0 Exception <a 'java/lang/NoSuchMethodError'{0x0000000085f3bc68}: 'long java.lang.invoke.DirectMethodHandle$Holder.invokeStatic(java.lang.Object, java.lang.Object, int)'> (0x0000000085f3bc68) 
thrown [s\src\hotspot\share\interpreter\linkResolver.cpp, line 784]
Event: 1.499 Thread 0x000002bdba57e4f0 Exception <a 'java/lang/NoSuchMethodError'{0x0000000085f46f00}: 'java.lang.Object java.lang.invoke.DelegatingMethodHandle$Holder.reinvoke_L(java.lang.Object, int, long, java.lang.Object, java.lang.Object, int, java.lang.Object)'> (0x0000000085f46f00) 
thrown [s\src\hotspot\share\interpreter\linkResolver.cpp, line 784]
Event: 1.513 Thread 0x000002bdba57e4f0 Exception <a 'java/lang/NoSuchMethodError'{0x0000000085f6dbe8}: 'java.lang.Object java.lang.invoke.DirectMethodHandle$Holder.invokeStatic(java.lang.Object, java.lang.Object, int)'> (0x0000000085f6dbe8) 
thrown [s\src\hotspot\share\interpreter\linkResolver.cpp, line 784]
Event: 1.514 Thread 0x000002bdba57e4f0 Exception <a 'java/lang/NoSuchMethodError'{0x0000000085f78850}: 'void java.lang.invoke.DelegatingMethodHandle$Holder.delegate(java.lang.Object, java.lang.Object, int, java.lang.Object)'> (0x0000000085f78850) 
thrown [s\src\hotspot\share\interpreter\linkResolver.cpp, line 784]
Event: 1.540 Thread 0x000002bdba57e4f0 Exception <a 'java/lang/NoSuchMethodError'{0x0000000085e00a30}: 'java.lang.Object java.lang.invoke.DirectMethodHandle$Holder.invokeStatic(java.lang.Object, java.lang.Object, long, long)'> (0x0000000085e00a30) 
thrown [s\src\hotspot\share\interpreter\linkResolver.cpp, line 784]
Event: 1.546 Thread 0x000002bdba57e4f0 Exception <a 'java/lang/NoSuchMethodError'{0x0000000085e33c30}: 'java.lang.Object java.lang.invoke.DirectMethodHandle$Holder.newInvokeSpecial(java.lang.Object, java.lang.Object, java.lang.Object, long)'> (0x0000000085e33c30) 
thrown [s\src\hotspot\share\interpreter\linkResolver.cpp, line 784]
Event: 1.904 Thread 0x000002bdba57e4f0 Exception <a 'java/lang/NoSuchMethodError'{0x00000000865bd318}: 'void java.lang.invoke.DirectMethodHandle$Holder.invokeStaticInit(java.lang.Object, java.lang.Object, java.lang.Object)'> (0x00000000865bd318) 
thrown [s\src\hotspot\share\interpreter\linkResolver.cpp, line 784]
Event: 2.090 Thread 0x000002bdba57e4f0 Exception <a 'java/lang/NoSuchMethodError'{0x000000008bde5ef0}: 'java.lang.Object java.lang.invoke.DirectMethodHandle$Holder.newInvokeSpecial(java.lang.Object, java.lang.Object, java.lang.Object, java.lang.Object, java.lang.Object, java.lang.Object, java.lang.Object)'> (0x000000008bde5ef0) 
thrown [s\src\hotspot\share\interpreter\linkResolver.cpp, line 784]
Event: 2.858 Thread 0x000002bdba57e4f0 Exception <a 'java/lang/NoSuchMethodError'{0x00000000872a31c8}: 'java.lang.Object java.lang.invoke.DirectMethodHandle$Holder.invokeVirtual(java.lang.Object, java.lang.Object, java.lang.Object)'> (0x00000000872a31c8) 
thrown [s\src\hotspot\share\interpreter\linkResolver.cpp, line 784]
Event: 3.088 Thread 0x000002bdba57e4f0 Exception <a 'java/lang/NoSuchMethodError'{0x000000008bed6378}: 'int java.lang.invoke.DirectMethodHandle$Holder.invokeStaticInit(java.lang.Object, int)'> (0x000000008bed6378) 
thrown [s\src\hotspot\share\interpreter\linkResolver.cpp, line 784]
Event: 3.363 Thread 0x000002bdba57e4f0 Exception <a 'java/lang/NoSuchMethodError'{0x000000008764af38}: 'java.lang.Object java.lang.invoke.DirectMethodHandle$Holder.newInvokeSpecial(java.lang.Object, java.lang.Object, java.lang.Object, int, java.lang.Object)'> (0x000000008764af38) 
thrown [s\src\hotspot\share\interpreter\linkResolver.cpp, line 784]
Event: 3.714 Thread 0x000002bdba57e4f0 Implicit null exception at 0x000002bdc7361bc5 to 0x000002bdc736201c
Event: 4.228 Thread 0x000002bdba57e4f0 Exception <a 'java/lang/NoSuchMethodError'{0x0000000087b3ab20}: 'java.lang.Object java.lang.invoke.DirectMethodHandle$Holder.newInvokeSpecial(java.lang.Object, java.lang.Object, java.lang.Object, java.lang.Object, int, java.lang.Object, java.lang.Object)'> (0x0000000087b3ab20) 
thrown [s\src\hotspot\share\interpreter\linkResolver.cpp, line 784]
Event: 4.229 Thread 0x000002bdba57e4f0 Exception <a 'java/lang/NoSuchMethodError'{0x0000000087b42d00}: 'java.lang.Object java.lang.invoke.Invokers$Holder.linkToTargetMethod(java.lang.Object, java.lang.Object, java.lang.Object, int, java.lang.Object, java.lang.Object, java.lang.Object)'> (0x0000000087b42d00) 
thrown [s\src\hotspot\share\interpreter\linkResolver.cpp, line 784]
Event: 4.291 Thread 0x000002bdba57e4f0 Exception <a 'java/lang/NoSuchMethodError'{0x0000000087980e40}: 'java.lang.Object java.lang.invoke.DirectMethodHandle$Holder.newInvokeSpecial(java.lang.Object, java.lang.Object, java.lang.Object, java.lang.Object, java.lang.Object, java.lang.Object)'> (0x0000000087980e40) 
thrown [s\src\hotspot\share\interpreter\linkResolver.cpp, line 784]

ZGC Phase Switch (0 events):
No events

VM Operations (20 events):
Event: 3.054 Executing VM operation: HandshakeAllThreads (Deoptimize) done
Event: 3.377 Executing VM operation: HandshakeAllThreads (Deoptimize)
Event: 3.377 Executing VM operation: HandshakeAllThreads (Deoptimize) done
Event: 3.378 Executing VM operation: HandshakeAllThreads (Deoptimize)
Event: 3.378 Executing VM operation: HandshakeAllThreads (Deoptimize) done
Event: 3.590 Executing VM operation: ICBufferFull
Event: 3.590 Executing VM operation: ICBufferFull done
Event: 3.601 Executing VM operation: HandshakeAllThreads (Deoptimize)
Event: 3.601 Executing VM operation: HandshakeAllThreads (Deoptimize) done
Event: 3.620 Executing VM operation: G1CollectForAllocation (G1 Evacuation Pause)
Event: 3.630 Executing VM operation: G1CollectForAllocation (G1 Evacuation Pause) done
Event: 3.647 Executing VM operation: HandshakeAllThreads (Deoptimize)
Event: 3.647 Executing VM operation: HandshakeAllThreads (Deoptimize) done
Event: 3.709 Executing VM operation: HandshakeAllThreads (Deoptimize)
Event: 3.709 Executing VM operation: HandshakeAllThreads (Deoptimize) done
Event: 3.717 Executing VM operation: HandshakeAllThreads (Deoptimize)
Event: 3.717 Executing VM operation: HandshakeAllThreads (Deoptimize) done
Event: 3.855 Executing VM operation: G1CollectForAllocation (G1 Evacuation Pause)
Event: 3.878 Executing VM operation: G1CollectForAllocation (G1 Evacuation Pause) done
Event: 4.323 Executing VM operation: G1CollectForAllocation (G1 Evacuation Pause)

Memory protections (0 events):
No events

Nmethod flushes (20 events):
Event: 2.633 Thread 0x000002bdd330bf00 flushing  nmethod 0x000002bdbf7ff890
Event: 2.633 Thread 0x000002bdd330bf00 flushing  nmethod 0x000002bdbf80f390
Event: 2.633 Thread 0x000002bdd330bf00 flushing  nmethod 0x000002bdbf80fd10
Event: 2.633 Thread 0x000002bdd330bf00 flushing  nmethod 0x000002bdbf810310
Event: 2.633 Thread 0x000002bdd330bf00 flushing  nmethod 0x000002bdbf810f90
Event: 2.633 Thread 0x000002bdd330bf00 flushing  nmethod 0x000002bdbf813110
Event: 2.633 Thread 0x000002bdd330bf00 flushing  nmethod 0x000002bdbf814890
Event: 2.633 Thread 0x000002bdd330bf00 flushing  nmethod 0x000002bdbf814e90
Event: 2.633 Thread 0x000002bdd330bf00 flushing  nmethod 0x000002bdbf821d10
Event: 2.633 Thread 0x000002bdd330bf00 flushing  nmethod 0x000002bdbf822090
Event: 2.633 Thread 0x000002bdd330bf00 flushing  nmethod 0x000002bdbf823e10
Event: 2.633 Thread 0x000002bdd330bf00 flushing  nmethod 0x000002bdbf837310
Event: 2.633 Thread 0x000002bdd330bf00 flushing  nmethod 0x000002bdbf837810
Event: 2.633 Thread 0x000002bdd330bf00 flushing  nmethod 0x000002bdbf837d10
Event: 2.633 Thread 0x000002bdd330bf00 flushing  nmethod 0x000002bdbf838910
Event: 2.633 Thread 0x000002bdd330bf00 flushing  nmethod 0x000002bdbf839610
Event: 2.633 Thread 0x000002bdd330bf00 flushing  nmethod 0x000002bdbf83a690
Event: 2.633 Thread 0x000002bdd330bf00 flushing  nmethod 0x000002bdbf847a10
Event: 2.633 Thread 0x000002bdd330bf00 flushing  nmethod 0x000002bdbf8bef10
Event: 2.633 Thread 0x000002bdd330bf00 flushing  nmethod 0x000002bdbf8c0210

Events (17 events):
Event: 0.013 Thread 0x000002bdba57e4f0 Thread added: 0x000002bdba57e4f0
Event: 0.076 Thread 0x000002bdba57e4f0 Thread added: 0x000002bdd335e0c0
Event: 0.076 Thread 0x000002bdba57e4f0 Thread added: 0x000002bdd35e4f80
Event: 0.077 Thread 0x000002bdba57e4f0 Thread added: 0x000002bdd35c0d10
Event: 0.077 Thread 0x000002bdba57e4f0 Thread added: 0x000002bdd35c1770
Event: 0.077 Thread 0x000002bdba57e4f0 Thread added: 0x000002bdd35c21d0
Event: 0.077 Thread 0x000002bdba57e4f0 Thread added: 0x000002bdd35c2c30
Event: 0.078 Thread 0x000002bdba57e4f0 Thread added: 0x000002bdd35ceed0
Event: 0.078 Thread 0x000002bdba57e4f0 Thread added: 0x000002bdd35eef00
Event: 0.125 Thread 0x000002bdba57e4f0 Thread added: 0x000002bdd3787150
Event: 0.131 Thread 0x000002bdba57e4f0 Thread added: 0x000002bdd37893e0
Event: 0.140 Loaded shared library C:\Program Files\Android\Android Studio\jbr\bin\net.dll
Event: 0.142 Loaded shared library C:\Program Files\Android\Android Studio\jbr\bin\nio.dll
Event: 0.167 Thread 0x000002bdd35ceed0 Thread added: 0x000002bdd37ed010
Event: 0.179 Loaded shared library C:\Program Files\Android\Android Studio\jbr\bin\zip.dll
Event: 0.211 Loaded shared library C:\Program Files\Android\Android Studio\jbr\bin\jimage.dll
Event: 2.757 Thread 0x000002bdd37ed010 Thread exited: 0x000002bdd37ed010


Dynamic libraries:
0x00007ff66e490000 - 0x00007ff66e49a000 	C:\Program Files\Android\Android Studio\jbr\bin\java.exe
0x00007ffc46970000 - 0x00007ffc46b68000 	C:\WINDOWS\SYSTEM32\ntdll.dll
0x00007ffc465f0000 - 0x00007ffc466ad000 	C:\WINDOWS\System32\KERNEL32.DLL
0x00007ffc443b0000 - 0x00007ffc446a6000 	C:\WINDOWS\System32\KERNELBASE.dll
0x00007ffc448b0000 - 0x00007ffc449b0000 	C:\WINDOWS\System32\ucrtbase.dll
0x00007ffc29320000 - 0x00007ffc29338000 	C:\Program Files\Android\Android Studio\jbr\bin\jli.dll
0x00007ffc404d0000 - 0x00007ffc404eb000 	C:\Program Files\Android\Android Studio\jbr\bin\VCRUNTIME140.dll
0x00007ffc46450000 - 0x00007ffc465ee000 	C:\WINDOWS\System32\USER32.dll
0x00007ffc442c0000 - 0x00007ffc442e2000 	C:\WINDOWS\System32\win32u.dll
0x00007ffc2b150000 - 0x00007ffc2b3ea000 	C:\WINDOWS\WinSxS\amd64_microsoft.windows.common-controls_6595b64144ccf1df_6.0.19041.3636_none_60b6a03d71f818d5\COMCTL32.dll
0x00007ffc46140000 - 0x00007ffc4616b000 	C:\WINDOWS\System32\GDI32.dll
0x00007ffc46170000 - 0x00007ffc4620e000 	C:\WINDOWS\System32\msvcrt.dll
0x00007ffc44170000 - 0x00007ffc44287000 	C:\WINDOWS\System32\gdi32full.dll
0x00007ffc446b0000 - 0x00007ffc4474d000 	C:\WINDOWS\System32\msvcp_win.dll
0x00007ffc45900000 - 0x00007ffc45932000 	C:\WINDOWS\System32\IMM32.DLL
0x00007ffc404f0000 - 0x00007ffc404fc000 	C:\Program Files\Android\Android Studio\jbr\bin\vcruntime140_1.dll
0x00007ffc15120000 - 0x00007ffc151ad000 	C:\Program Files\Android\Android Studio\jbr\bin\msvcp140.dll
0x00007ffc25fa0000 - 0x00007ffc26c23000 	C:\Program Files\Android\Android Studio\jbr\bin\server\jvm.dll
0x00007ffc44fd0000 - 0x00007ffc45083000 	C:\WINDOWS\System32\ADVAPI32.dll
0x00007ffc45940000 - 0x00007ffc459df000 	C:\WINDOWS\System32\sechost.dll
0x00007ffc44d10000 - 0x00007ffc44e36000 	C:\WINDOWS\System32\RPCRT4.dll
0x00007ffc44290000 - 0x00007ffc442b7000 	C:\WINDOWS\System32\bcrypt.dll
0x00007ffc466b0000 - 0x00007ffc4671b000 	C:\WINDOWS\System32\WS2_32.dll
0x00007ffc43570000 - 0x00007ffc435bb000 	C:\WINDOWS\SYSTEM32\POWRPROF.dll
0x00007ffc2cd50000 - 0x00007ffc2cd77000 	C:\WINDOWS\SYSTEM32\WINMM.dll
0x00007ffc381a0000 - 0x00007ffc381aa000 	C:\WINDOWS\SYSTEM32\VERSION.dll
0x00007ffc43440000 - 0x00007ffc43452000 	C:\WINDOWS\SYSTEM32\UMPDC.dll
0x00007ffc420c0000 - 0x00007ffc420d2000 	C:\WINDOWS\SYSTEM32\kernel.appcore.dll
0x00007ffc3daa0000 - 0x00007ffc3daaa000 	C:\Program Files\Android\Android Studio\jbr\bin\jimage.dll
0x00007ffc413f0000 - 0x00007ffc415d4000 	C:\WINDOWS\SYSTEM32\DBGHELP.DLL
0x00007ffc2bc30000 - 0x00007ffc2bc64000 	C:\WINDOWS\SYSTEM32\dbgcore.DLL
0x00007ffc440e0000 - 0x00007ffc44162000 	C:\WINDOWS\System32\bcryptPrimitives.dll
0x00007ffc3d710000 - 0x00007ffc3d730000 	C:\Program Files\Android\Android Studio\jbr\bin\java.dll
0x00007ffc3d6f0000 - 0x00007ffc3d708000 	C:\Program Files\Android\Android Studio\jbr\bin\zip.dll
0x00007ffc459e0000 - 0x00007ffc46125000 	C:\WINDOWS\System32\SHELL32.dll
0x00007ffc420e0000 - 0x00007ffc4287c000 	C:\WINDOWS\SYSTEM32\windows.storage.dll
0x00007ffc449b0000 - 0x00007ffc44d04000 	C:\WINDOWS\System32\combase.dll
0x00007ffc43a60000 - 0x00007ffc43a8e000 	C:\WINDOWS\SYSTEM32\Wldp.dll
0x00007ffc44e40000 - 0x00007ffc44f0d000 	C:\WINDOWS\System32\OLEAUT32.dll
0x00007ffc45830000 - 0x00007ffc458dd000 	C:\WINDOWS\System32\SHCORE.dll
0x00007ffc44f10000 - 0x00007ffc44f65000 	C:\WINDOWS\System32\shlwapi.dll
0x00007ffc43f60000 - 0x00007ffc43f85000 	C:\WINDOWS\SYSTEM32\profapi.dll
0x00007ffc3da90000 - 0x00007ffc3daa0000 	C:\Program Files\Android\Android Studio\jbr\bin\net.dll
0x00007ffc3a3d0000 - 0x00007ffc3a4da000 	C:\WINDOWS\SYSTEM32\WINHTTP.dll
0x00007ffc437c0000 - 0x00007ffc4382a000 	C:\WINDOWS\system32\mswsock.dll
0x00007ffc37f40000 - 0x00007ffc37f56000 	C:\Program Files\Android\Android Studio\jbr\bin\nio.dll
0x00007ffc37d40000 - 0x00007ffc37d50000 	C:\Program Files\Android\Android Studio\jbr\bin\verify.dll

dbghelp: loaded successfully - version: 4.0.5 - missing functions: none
symbol engine: initialized successfully - sym options: 0x614 - pdb path: .;C:\Program Files\Android\Android Studio\jbr\bin;C:\WINDOWS\SYSTEM32;C:\WINDOWS\WinSxS\amd64_microsoft.windows.common-controls_6595b64144ccf1df_6.0.19041.3636_none_60b6a03d71f818d5;C:\Program Files\Android\Android Studio\jbr\bin\server

VM Arguments:
java_command: org.jetbrains.kotlin.cli.jvm.K2JVMCompiler @D:\Boronkay\13.P\Mesterremek\MobilApp\CareCompass\composeApp\build\20250128_3280461325367501772.compiler.options
java_class_path (initial): C:\Users\User\.gradle\caches\modules-2\files-2.1\org.jetbrains.kotlin\kotlin-compiler-embeddable\2.1.0\988bf980588bbbcfa1ba19c1ffd7aa869b335a31\kotlin-compiler-embeddable-2.1.0.jar;C:\Users\User\.gradle\caches\modules-2\files-2.1\org.jetbrains.kotlin\kotlin-stdlib\2.1.0\85f8b81009cda5890e54ba67d64b5e599c645020\kotlin-stdlib-2.1.0.jar;C:\Users\User\.gradle\caches\modules-2\files-2.1\org.jetbrains.kotlin\kotlin-script-runtime\2.1.0\5909da8c57b75a117714ab0e348c86101b7a3284\kotlin-script-runtime-2.1.0.jar;C:\Users\User\.gradle\caches\modules-2\files-2.1\org.jetbrains.kotlin\kotlin-reflect\1.6.10\1cbe9c92c12a94eea200d23c2bbaedaf3daf5132\kotlin-reflect-1.6.10.jar;C:\Users\User\.gradle\caches\modules-2\files-2.1\org.jetbrains.kotlin\kotlin-daemon-embeddable\2.1.0\420bae1908e4a353f5b56c3c850d24d86367b25d\kotlin-daemon-embeddable-2.1.0.jar;C:\Users\User\.gradle\caches\modules-2\files-2.1\org.jetbrains.intellij.deps\trove4j\1.0.20200330\3afb14d5f9ceb459d724e907a21145e8ff394f02\trove4j-1.0.20200330.jar;C:\Users\User\.gradle\caches\modules-2\files-2.1\org.jetbrains.kotlinx\kotlinx-coroutines-core-jvm\1.6.4\2c997cd1c0ef33f3e751d3831929aeff1390cb30\kotlinx-coroutines-core-jvm-1.6.4.jar;C:\Users\User\.gradle\caches\modules-2\files-2.1\org.jetbrains\annotations\13.0\919f0dfe192fb4e063e7dacadee7f8bb9a2672a9\annotations-13.0.jar
Launcher Type: SUN_STANDARD

[Global flags]
     intx CICompilerCount                          = 3                                         {product} {ergonomic}
     uint ConcGCThreads                            = 1                                         {product} {ergonomic}
     uint G1ConcRefinementThreads                  = 4                                         {product} {ergonomic}
   size_t G1HeapRegionSize                         = 1048576                                   {product} {ergonomic}
    uintx GCDrainStackTargetSize                   = 64                                        {product} {ergonomic}
   size_t InitialHeapSize                          = 130023424                                 {product} {ergonomic}
   size_t MarkStackSize                            = 4194304                                   {product} {ergonomic}
   size_t MaxHeapSize                              = 2063597568                                {product} {ergonomic}
   size_t MaxNewSize                               = 1237319680                                {product} {ergonomic}
   size_t MinHeapDeltaBytes                        = 1048576                                   {product} {ergonomic}
   size_t MinHeapSize                              = 8388608                                   {product} {ergonomic}
    uintx NonNMethodCodeHeapSize                   = 5832780                                {pd product} {ergonomic}
    uintx NonProfiledCodeHeapSize                  = 122912730                              {pd product} {ergonomic}
    uintx ProfiledCodeHeapSize                     = 122912730                              {pd product} {ergonomic}
    uintx ReservedCodeCacheSize                    = 251658240                              {pd product} {ergonomic}
     bool SegmentedCodeCache                       = true                                      {product} {ergonomic}
   size_t SoftMaxHeapSize                          = 2063597568                             {manageable} {ergonomic}
     bool UseCompressedOops                        = true                           {product lp64_product} {ergonomic}
     bool UseG1GC                                  = true                                      {product} {ergonomic}
     bool UseLargePagesIndividualAllocation        = false                                  {pd product} {ergonomic}

Logging:
Log output configuration:
 #0: stdout all=warning uptime,level,tags foldmultilines=false
 #1: stderr all=off uptime,level,tags foldmultilines=false

Environment Variables:
PATH=C:\Program Files (x86)\Common Files\Oracle\Java\javapath;C:\WINDOWS\system32;C:\WINDOWS;C:\WINDOWS\System32\Wbem;C:\WINDOWS\System32\WindowsPowerShell\v1.0\;C:\WINDOWS\System32\OpenSSH\;C:\Program Files\Intel\WiFi\bin\;C:\Program Files\Common Files\Intel\WirelessCommon\;C:\Program Files (x86)\Microsoft SQL Server\100\Tools\Binn\;C:\Program Files (x86)\Microsoft SQL Server\100\DTS\Binn\;C:\Users\User\AppData\Local\Microsoft\WindowsApps;;C:\Users\User\AppData\Local\Programs\Microsoft VS Code\bin
USERNAME=User
OS=Windows_NT
PROCESSOR_IDENTIFIER=Intel64 Family 6 Model 69 Stepping 1, GenuineIntel
TMP=C:\Users\User\AppData\Local\Temp
TEMP=C:\Users\User\AppData\Local\Temp




Periodic native trim disabled

JNI global refs:
JNI global refs: 9, weak refs: 19

JNI global refs memory usage: 835, weak refs: 833

Process memory usage:
Resident Set Size: 204272K (2% of 8054364K total physical memory with 387664K free physical memory)

OOME stack traces (most recent first):
Classloader memory used:
Loader jdk.internal.loader.ClassLoaders$AppClassLoader                                 : 39003K
Loader bootstrap                                                                       : 10779K
Loader java.net.URLClassLoader                                                         : 824K
Loader jdk.internal.jrtfs.JrtFileSystemProvider$JrtFsLoader                            : 321K
Loader jdk.internal.loader.ClassLoaders$PlatformClassLoader                            : 67816B

Classes loaded by more than one classloader:
Class jdk.internal.jimage.BasicImageReader                                            : loaded 2 times (x 91B)
Class jdk.internal.jimage.decompressor.StringSharingDecompressorFactory               : loaded 2 times (x 70B)
Class jdk.internal.jrtfs.JrtFileSystemProvider                                        : loaded 2 times (x 97B)
Class jdk.internal.jimage.ImageLocation                                               : loaded 2 times (x 86B)
Class jdk.internal.jimage.ImageBufferCache$1                                          : loaded 2 times (x 79B)
Class jdk.internal.jimage.ImageBufferCache$2                                          : loaded 2 times (x 87B)
Class jdk.internal.jimage.ImageHeader                                                 : loaded 2 times (x 67B)
Class jdk.internal.jimage.decompressor.ResourceDecompressor                           : loaded 2 times (x 66B)
Class jdk.internal.jimage.ImageStringsReader                                          : loaded 2 times (x 76B)
Class jdk.internal.jimage.ImageReader                                                 : loaded 2 times (x 71B)
Class jdk.internal.jimage.ImageReader$SharedImageReader                               : loaded 2 times (x 91B)
Class jdk.internal.jimage.decompressor.ResourceDecompressorFactory                    : loaded 2 times (x 70B)
Class jdk.internal.jimage.ImageReader$Node                                            : loaded 2 times (x 80B)
Class jdk.internal.jimage.BasicImageReader$1                                          : loaded 2 times (x 73B)
Class jdk.internal.jimage.decompressor.Decompressor                                   : loaded 2 times (x 68B)
Class jdk.internal.jimage.ImageBufferCache                                            : loaded 2 times (x 67B)
Class jdk.internal.jrtfs.JrtPath                                                      : loaded 2 times (x 114B)
Class jdk.internal.jimage.decompressor.ResourceDecompressorRepository                 : loaded 2 times (x 67B)
Class jdk.internal.jimage.ImageReader$Directory                                       : loaded 2 times (x 80B)
Class jdk.internal.jimage.decompressor.ZipDecompressorFactory                         : loaded 2 times (x 70B)
Class jdk.internal.jimage.decompressor.ZipDecompressor                                : loaded 2 times (x 71B)
Class jdk.internal.jimage.ImageStrings                                                : loaded 2 times (x 66B)
Class jdk.internal.jrtfs.JrtFileSystem                                                : loaded 2 times (x 98B)
Class jdk.internal.jimage.decompressor.CompressedResourceHeader                       : loaded 2 times (x 67B)
Class jdk.internal.jimage.decompressor.ResourceDecompressor$StringsProvider           : loaded 2 times (x 66B)

---------------  S Y S T E M  ---------------

OS:
 Windows 10 , 64 bit Build 19041 (10.0.19041.3636)
OS uptime: 0 days 0:13 hours

CPU: total 4 (initial active 4) (2 cores per cpu, 2 threads per core) family 6 model 69 stepping 1 microcode 0x25, cx8, cmov, fxsr, ht, mmx, sse, sse2, sse3, ssse3, sse4.1, sse4.2, popcnt, lzcnt, tsc, tscinvbit, avx, avx2, aes, erms, clmul, bmi1, bmi2, fma, vzeroupper, clflush, rdtscp, f16c
Processor Information for all 4 processors :
  Max Mhz: 2101, Current Mhz: 1500, Mhz Limit: 1491

Memory: 4k page, system-wide physical 7865M (374M free)
TotalPageFile size 8265M (AvailPageFile size 9M)
current process WorkingSet (physical memory assigned to process): 199M, peak: 204M
current process commit charge ("private bytes"): 226M, peak: 249M

vm_info: OpenJDK 64-Bit Server VM (21.0.4+-12508038-b607.1) for windows-amd64 JRE (21.0.4+-12508038-b607.1), built on 2024-10-16T17:23:34Z by "builder" with MS VC++ 16.10 / 16.11 (VS2019)

END.
